{"level":"info","message":"Create User"}
{"level":"info","message":"Create User"}
{"level":"info","message":"Loading Mongoose functionality"}
{"level":"info","message":"Create Vendor"}
{"level":"info","message":"Get all vendors"}
{"level":"info","message":"Loading Mongoose functionality"}
{"level":"info","message":"Create User"}
{"level":"info","message":"Create User"}
{"level":"info","message":"Create User"}
{"level":"info","message":"Get all users"}
{"level":"info","message":"Get all users"}
{"level":"info","message":"Get user %s"}
{"level":"info","message":"Get user %s"}
{"level":"info","message":"Get user %s"}
{"level":"info","message":"Delete user 5dd99f9295f83133389416dc"}
{"level":"info","message":"Get all vendors"}
{"level":"info","message":"Loading Mongoose functionality"}
{"level":"info","message":"Create User"}
{"level":"info","message":"Create User"}
{"level":"info","message":"Create User"}
{"level":"info","message":"Get all users"}
{"level":"info","message":"Get all users"}
{"level":"info","message":"Get user %s"}
{"level":"info","message":"Get user %s"}
{"level":"info","message":"Get user %s"}
{"level":"info","message":"Delete user 5dd9a00b1844b62aac82b2f5"}
{"level":"info","message":"Get all vendors"}
{"level":"info","message":"Loading Mongoose functionality"}
{"level":"info","message":"Create User"}
{"level":"info","message":"Create User"}
{"level":"info","message":"Create User"}
{"level":"info","message":"Get all users"}
{"level":"info","message":"Get all users"}
{"level":"info","message":"Get user %s"}
{"level":"info","message":"Get user %s"}
{"level":"info","message":"Get user %s"}
{"level":"info","message":"Delete user 5dd9a0bd0c593a2fac72dd4c"}
{"level":"info","message":"Create Vendor"}
{"level":"info","message":"Get all vendors"}
{"level":"info","message":"Loading Mongoose functionality"}
{"level":"info","message":"Create User"}
{"level":"info","message":"Create User"}
{"level":"info","message":"Create User"}
{"level":"info","message":"Get all users"}
{"level":"info","message":"Get all users"}
{"level":"info","message":"Get user %s"}
{"level":"info","message":"Get user %s"}
{"level":"info","message":"Get user %s"}
{"level":"info","message":"Delete user 5dd9a116ddb92f2b78a26920"}
{"level":"info","message":"Create Vendor"}
{"level":"info","message":"Get all vendors"}
{"level":"info","message":"Loading Mongoose functionality"}
{"level":"info","message":"Create User"}
{"level":"info","message":"Create User"}
{"level":"info","message":"Create User"}
{"level":"info","message":"Get all users"}
{"level":"info","message":"Get all users"}
{"level":"info","message":"Get user %s"}
{"level":"info","message":"Get user %s"}
{"level":"info","message":"Get user %s"}
{"level":"info","message":"Delete user 5dd9a2135d606c1e78039d82"}
{"level":"info","message":"Create Vendor"}
{"level":"info","message":"Get all vendors"}
{"level":"info","message":"Loading Mongoose functionality"}
{"level":"info","message":"Create User"}
{"level":"info","message":"Create User"}
{"level":"info","message":"Create User"}
{"level":"info","message":"Get all users"}
{"level":"info","message":"Get all users"}
{"level":"info","message":"Get user %s"}
{"level":"info","message":"Get user %s"}
{"level":"info","message":"Get user %s"}
{"level":"info","message":"Delete user 5dd9a4e0d02dfd3034471775"}
{"level":"info","message":"Create Vendor"}
{"level":"info","message":"Get all vendors"}
{"level":"info","message":"Loading Mongoose functionality"}
{"level":"info","message":"Create User"}
{"level":"info","message":"Create User"}
{"level":"info","message":"Create User"}
{"level":"info","message":"Get all users"}
{"level":"info","message":"Get all users"}
{"level":"info","message":"Get user %s"}
{"level":"info","message":"Get user %s"}
{"level":"info","message":"Get user %s"}
{"level":"info","message":"Delete user 5dd9a5e077f36e2e48b8a5e6"}
{"level":"info","message":"Create Vendor"}
{"level":"info","message":"Get all vendors"}
