{"level":"info","message":"Loading Mongoose functionality"}
{"level":"info","message":"Get all gadgets"}
{"level":"info","message":"Get all gadgets"}
{"level":"info","message":"Get gadget %s"}
{"level":"info","message":"Get gadget %s"}
{"level":"info","message":"Delete gadget 5dca052ac67b1804e8143b29"}
{"level":"info","message":"Create Todo"}
{"level":"info","message":"Get all gadget todos"}
{"level":"info","message":"Get todo %s"}
{"level":"info","message":"Get Todo %s"}
{"level":"info","message":"Get Todo %s"}
{"level":"info","message":"Loading Mongoose functionality"}
{"level":"info","message":"Get gadget %s"}
{"level":"info","message":"Loading Mongoose functionality"}
{"level":"info","message":"Get gadget %s"}
{"level":"info","message":"Loading Mongoose functionality"}
{"level":"info","message":"Create Todo"}
{"level":"info","message":"Get all gadget todos"}
{"level":"info","message":"Get todo %s"}
{"level":"info","message":"Get Todo %s"}
{"level":"info","message":"Get Todo %s"}
{"level":"info","message":"Loading Mongoose functionality"}
{"level":"info","message":"Create Gadget"}
{"level":"info","message":"Create Gadget"}
{"level":"info","message":"Create Gadget"}
{"level":"info","message":"Create Todo"}
{"level":"info","message":"Get all gadget todos"}
{"level":"info","message":"Get todo %s"}
{"level":"info","message":"Get Todo %s"}
{"level":"info","message":"Get Todo %s"}
{"level":"info","message":"Loading Mongoose functionality"}
{"level":"info","message":"Create Gadget"}
{"level":"info","message":"Create Gadget"}
{"level":"info","message":"Create Gadget"}
{"level":"info","message":"Loading Mongoose functionality"}
{"level":"info","message":"Get all gadgets"}
{"level":"info","message":"Get all gadgets"}
{"level":"info","message":"Delete gadget 5dca07c54f7ce52620066e39"}
{"level":"info","message":"Loading Mongoose functionality"}
{"level":"info","message":"Get all gadgets"}
{"level":"info","message":"Get all gadgets"}
{"level":"info","message":"Delete gadget 5dca0a680962a917e0a28f05"}
{"level":"info","message":"Create Todo"}
{"level":"info","message":"Get all gadget todos"}
{"level":"info","message":"Get todo %s"}
{"level":"info","message":"Get Todo %s"}
{"level":"info","message":"Get Todo %s"}
{"level":"info","message":"Loading Mongoose functionality"}
{"level":"info","message":"Mongoose connected to the database"}
{"level":"info","message":"Create Gadget"}
{"level":"info","message":"Get all gadgets"}
{"level":"info","message":"Loading Mongoose functionality"}
{"level":"info","message":"Mongoose connected to the database"}
{"level":"info","message":"Get all gadgets"}
{"level":"info","message":"Delete gadget :5dca0b3c1e67551108f13722"}
{"level":"info","message":"Delete gadget 5dca0b3c1e67551108f13722"}
{"level":"info","message":"Get all gadgets"}
{"level":"info","message":"Get gadget %s"}
{"level":"info","message":"Get gadget %s"}
{"level":"info","message":"Loading Mongoose functionality"}
{"level":"info","message":"Mongoose connected to the database"}
{"level":"info","message":"Loading Mongoose functionality"}
{"level":"info","message":"Mongoose connected to the database"}
{"level":"info","message":"Loading Mongoose functionality"}
{"level":"info","message":"Mongoose connected to the database"}
{"level":"info","message":"Loading Mongoose functionality"}
{"level":"info","message":"Mongoose connected to the database"}
{"level":"info","message":"Loading Mongoose functionality"}
{"level":"info","message":"Mongoose connected to the database"}
{"level":"info","message":"Loading Mongoose functionality"}
{"level":"info","message":"Mongoose connected to the database"}
{"level":"info","message":"Loading Mongoose functionality"}
{"level":"info","message":"Mongoose connected to the database"}
{"level":"info","message":"Create Gadget"}
{"level":"info","message":"Get gadget %s"}
{"level":"info","message":"Loading Mongoose functionality"}
{"level":"info","message":"Mongoose connected to the database"}
