{"level":"info","message":"Loading Mongoose functionality"}
{"level":"info","message":"Loading Mongoose functionality"}
{"level":"info","message":"Loading Mongoose functionality"}
{"level":"info","message":"Create User"}
{"level":"info","message":"Loading Mongoose functionality"}
{"level":"info","message":"Create User"}
{"level":"info","message":"Loading Mongoose functionality"}
{"level":"info","message":"Create User"}
{"level":"info","message":"Create User"}
{"level":"info","message":"Loading Mongoose functionality"}
{"level":"info","message":"Create User"}
{"level":"info","message":"Create User"}
{"level":"info","message":"Create User"}
{"level":"info","message":"Get all users"}
{"level":"info","message":"Loading Mongoose functionality"}
{"level":"info","message":"Create User"}
{"level":"info","message":"Create User"}
{"level":"info","message":"Create User"}
{"level":"info","message":"Get all users"}
{"level":"info","message":"Get all users"}
{"level":"info","message":"Get user %s"}
{"level":"info","message":"Get user %s"}
{"level":"info","message":"Get user %s"}
{"level":"info","message":"Delete user 5dc093e353423528a425eb02"}
{"level":"info","message":"Loading Mongoose functionality"}
{"level":"info","message":"Create User"}
{"level":"info","message":"Create User"}
{"level":"info","message":"Create User"}
{"level":"info","message":"Get all users"}
{"level":"info","message":"Get all users"}
{"level":"info","message":"Get user %s"}
{"level":"info","message":"Get user %s"}
{"level":"info","message":"Get user %s"}
{"level":"info","message":"Delete user 5dc0941500eb503a042c6cb3"}
{"level":"info","message":"Loading Mongoose functionality"}
{"level":"info","message":"Create Todo"}
{"level":"info","message":"Loading Mongoose functionality"}
{"level":"info","message":"Create Todo"}
{"level":"info","message":"Loading Mongoose functionality"}
{"level":"info","message":"Create Todo"}
{"level":"info","message":"Loading Mongoose functionality"}
{"level":"info","message":"Create Todo"}
{"level":"info","message":"Loading Mongoose functionality"}
{"level":"info","message":"Create Todo"}
{"level":"info","message":"Loading Mongoose functionality"}
{"level":"info","message":"Loading Mongoose functionality"}
{"level":"info","message":"Loading Mongoose functionality"}
{"level":"info","message":"Loading Mongoose functionality"}
{"level":"info","message":"Loading Mongoose functionality"}
{"level":"info","message":"Loading Mongoose functionality"}
{"level":"info","message":"Loading Mongoose functionality"}
{"level":"info","message":"Loading Mongoose functionality"}
{"level":"info","message":"Create Todo"}
{"level":"info","message":"Loading Mongoose functionality"}
{"level":"info","message":"Create Todo"}
{"level":"info","message":"Loading Mongoose functionality"}
{"level":"info","message":"Create Todo"}
