{"level":"info","message":"Loading Mongoose functionality"}
{"level":"info","message":"Loading Mongoose functionality"}
{"level":"info","message":"Mongoose connected to the database"}
{"level":"info","message":"Get all gadgets"}
{"level":"info","message":"Create Gadget"}
{"level":"info","message":"Get all gadgets"}
{"level":"info","message":"Loading Mongoose functionality"}
{"level":"info","message":"Create Gadget"}
{"level":"info","message":"Create Gadget"}
{"level":"info","message":"Create Gadget"}
{"level":"info","message":"Get all gadgets"}
{"level":"info","message":"Get gadget %s"}
{"level":"info","message":"Get gadget %s"}
{"level":"info","message":"Delete gadget 5dca0138b49b9731b8cbc4e5"}
{"level":"info","message":"Get all gadget todos"}
{"level":"info","message":"Get todo %s"}
{"level":"info","message":"Get Todo %s"}
{"level":"info","message":"Get Todo %s"}
{"level":"info","message":"Loading Mongoose functionality"}
{"level":"info","message":"Get all gadgets"}
{"level":"info","message":"Get all gadgets"}
{"level":"info","message":"Get gadget %s"}
{"level":"info","message":"Get gadget %s"}
{"level":"info","message":"Delete gadget 5dca02527fae6828c00b909c"}
{"level":"info","message":"Create Todo"}
{"level":"info","message":"Get all gadget todos"}
{"level":"info","message":"Get todo %s"}
{"level":"info","message":"Get Todo %s"}
{"level":"info","message":"Get Todo %s"}
