{"level":"info","message":"Get Todo %s"}
{"level":"info","message":"Get all user todos"}
{"level":"info","message":"Get Todo %s"}
{"level":"info","message":"Get all user todos"}
{"level":"info","message":"Get all user todos"}
{"level":"info","message":"Create Todo"}
{"level":"info","message":"Get all user todos"}
{"level":"info","message":"Create Todo"}
{"level":"info","message":"Get all user todos"}
{"level":"info","message":"Get all user todos"}
{"level":"info","message":"Get Todo %s"}
{"level":"info","message":"Get all user todos"}
{"level":"info","message":"Create Todo"}
{"level":"info","message":"Get all user todos"}
{"level":"info","message":"Get all todos"}
{"level":"info","message":"Get Todo %s"}
{"level":"info","message":"Get all user todos"}
{"level":"info","message":"Get all todos"}
{"level":"info","message":"Loading Mongoose functionality"}
{"level":"info","message":"Mongoose connected to the database"}
{"level":"info","message":"Create User"}
{"level":"info","message":"Get all user todos"}
{"level":"info","message":"Create Todo"}
{"level":"info","message":"Get all user todos"}
{"level":"info","message":"Get all user todos"}
{"level":"info","message":"Get all user todos"}
{"level":"info","message":"Get Todo %s"}
{"level":"info","message":"Get all user todos"}
{"level":"info","message":"Get all user todos"}
{"level":"info","message":"Get all user todos"}
{"level":"info","message":"Get all user todos"}
{"level":"info","message":"Get all user todos"}
{"level":"info","message":"Get all user todos"}
{"level":"info","message":"Get all user todos"}
{"level":"info","message":"Get Todo %s"}
{"level":"info","message":"Get all user todos"}
{"level":"info","message":"Get all user todos"}
{"level":"info","message":"Get Todo %s"}
{"level":"info","message":"Get all user todos"}
{"level":"info","message":"Get all user todos"}
{"level":"info","message":"Get all user todos"}
{"level":"info","message":"Create Todo"}
{"level":"info","message":"Get all user todos"}
{"level":"info","message":"Get Todo %s"}
{"level":"info","message":"Get all user todos"}
{"level":"info","message":"Create Todo"}
{"level":"info","message":"Get all user todos"}
{"level":"info","message":"Get all user todos"}
{"level":"info","message":"Get all user todos"}
{"level":"info","message":"Get Todo %s"}
{"level":"info","message":"Get all user todos"}
{"level":"info","message":"Get Todo %s"}
{"level":"info","message":"Get all user todos"}
{"level":"info","message":"Create Todo"}
{"level":"info","message":"Get all user todos"}
{"level":"info","message":"Get all user todos"}
{"level":"info","message":"Get all user todos"}
{"level":"info","message":"Get all user todos"}
{"level":"info","message":"Create Todo"}
{"level":"info","message":"Get all user todos"}
{"level":"info","message":"Get all user todos"}
{"level":"info","message":"Get all user todos"}
{"level":"info","message":"Get all user todos"}
{"level":"info","message":"Get all user todos"}
{"level":"info","message":"Get all user todos"}
{"level":"info","message":"Get all user todos"}
{"level":"info","message":"Get all user todos"}
{"level":"info","message":"Get all user todos"}
{"level":"info","message":"Get all user todos"}
{"level":"info","message":"Get all user todos"}
{"level":"info","message":"Get Todo %s"}
{"level":"info","message":"Get all user todos"}
{"level":"info","message":"Get Todo %s"}
{"level":"info","message":"Get all user todos"}
{"level":"info","message":"Get all user todos"}
{"level":"info","message":"Get all user todos"}
{"level":"info","message":"Get Todo %s"}
{"level":"info","message":"Get all user todos"}
{"level":"info","message":"Get Todo %s"}
{"level":"info","message":"Get all user todos"}
{"level":"info","message":"Get Todo %s"}
{"level":"info","message":"Get all user todos"}
{"level":"info","message":"Create Todo"}
{"level":"info","message":"Get all user todos"}
{"level":"info","message":"Get all user todos"}
{"level":"info","message":"Get all user todos"}
{"level":"info","message":"Get all user todos"}
