{"level":"info","message":"Loading Mongoose functionality"}
{"level":"info","message":"Create Todo"}
{"level":"info","message":"Get all user todos"}
{"level":"info","message":"Get todo %s"}
{"level":"info","message":"Get Todo %s"}
{"level":"info","message":"Get Todo %s"}
{"level":"info","message":"Loading Mongoose functionality"}
{"level":"info","message":"Create Todo"}
{"level":"info","message":"Get all user todos"}
{"level":"info","message":"Get todo %s"}
{"level":"info","message":"Get Todo %s"}
{"level":"info","message":"Get Todo %s"}
{"level":"info","message":"Create User"}
{"level":"info","message":"Create User"}
{"level":"info","message":"Create User"}
{"level":"info","message":"Get all users"}
{"level":"info","message":"Get all users"}
{"level":"info","message":"Get user %s"}
{"level":"info","message":"Get user %s"}
{"level":"info","message":"Get user %s"}
{"level":"info","message":"Delete user 5dc0ca7b4dfff82dacfaea69"}
