{"level":"info","message":"Get all user todos"}
{"level":"info","message":"Get all user todos"}
{"level":"info","message":"Get all user todos"}
{"level":"info","message":"Get all user todos"}
{"level":"info","message":"Get all user todos"}
{"level":"info","message":"Get all user todos"}
{"level":"info","message":"Get all user todos"}
{"level":"info","message":"Get all user todos"}
{"level":"info","message":"Get all user todos"}
{"level":"info","message":"Get all user todos"}
{"level":"info","message":"Get all user todos"}
{"level":"info","message":"Get all user todos"}
{"level":"info","message":"Get all user todos"}
{"level":"info","message":"Get all user todos"}
{"level":"info","message":"Get all user todos"}
{"level":"info","message":"Create User"}
{"level":"info","message":"Get all user todos"}
{"level":"info","message":"Create Todo"}
{"level":"info","message":"Get all user todos"}
{"level":"info","message":"Get all user todos"}
{"level":"info","message":"Create Todo"}
{"level":"info","message":"Get all user todos"}
{"level":"info","message":"Get all user todos"}
{"level":"info","message":"Get Todo %s"}
{"level":"info","message":"Get all user todos"}
{"level":"info","message":"Get all user todos"}
{"level":"info","message":"Get all user todos"}
{"level":"info","message":"Get all user todos"}
{"level":"info","message":"Create Todo"}
{"level":"info","message":"Get all user todos"}
{"level":"info","message":"Get all users"}
{"level":"info","message":"Get all todos"}
